[31m{"level":"error","timestamp":"2024-11-19T05:26:00.592Z"}[39m
[32m{"level":"info","message":"server running on port: 3000","timestamp":"2024-11-19T05:27:11.682Z"}[39m
[32m{"level":"info","message":[{"now":"2024-11-19T05:27:11.808Z"}],"timestamp":"2024-11-19T05:27:11.825Z"}[39m
[31m{"code":"42P01","file":"parse_relation.c","length":135,"level":"error","line":"1452","name":"error","position":"15","routine":"parserOpenTable","severity":"ОШИБКА","timestamp":"2024-11-19T05:27:51.649Z"}[39m
[32m{"level":"info","message":"server running on port: 3000","timestamp":"2024-11-19T05:28:47.858Z"}[39m
[32m{"level":"info","message":[{"now":"2024-11-19T05:28:47.957Z"}],"timestamp":"2024-11-19T05:28:47.960Z"}[39m
[31m{"code":"42P01","file":"parse_relation.c","length":135,"level":"error","line":"1452","name":"error","position":"15","routine":"parserOpenTable","severity":"ОШИБКА","timestamp":"2024-11-19T05:28:50.235Z"}[39m
[31m{"code":"42P01","file":"parse_relation.c","length":135,"level":"error","line":"1452","name":"error","position":"15","routine":"parserOpenTable","severity":"ОШИБКА","timestamp":"2024-11-19T05:29:00.946Z"}[39m
[32m{"level":"info","message":"server running on port: 3000","timestamp":"2024-11-19T05:29:10.283Z"}[39m
[32m{"level":"info","message":[{"now":"2024-11-19T05:29:10.391Z"}],"timestamp":"2024-11-19T05:29:10.394Z"}[39m
[31m{"code":"42P01","file":"parse_relation.c","length":135,"level":"error","line":"1452","name":"error","position":"15","routine":"parserOpenTable","severity":"ОШИБКА","timestamp":"2024-11-19T05:29:12.523Z"}[39m
[32m{"level":"info","message":"server running on port: 3000","timestamp":"2024-11-19T05:29:50.427Z"}[39m
[32m{"level":"info","message":[{"now":"2024-11-19T05:29:50.539Z"}],"timestamp":"2024-11-19T05:29:50.541Z"}[39m
[31m{"code":"42P01","file":"parse_relation.c","length":135,"level":"error","line":"1452","name":"error","position":"15","routine":"parserOpenTable","severity":"ОШИБКА","timestamp":"2024-11-19T05:29:51.308Z"}[39m
[32m{"level":"info","message":"server running on port: 3000","timestamp":"2024-11-19T05:30:01.578Z"}[39m
[32m{"level":"info","message":[{"now":"2024-11-19T05:30:01.784Z"}],"timestamp":"2024-11-19T05:30:01.788Z"}[39m
[32m{"level":"info","message":"server running on port: 3000","timestamp":"2024-11-19T05:30:09.519Z"}[39m
[32m{"level":"info","message":[{"now":"2024-11-19T05:30:09.633Z"}],"timestamp":"2024-11-19T05:30:09.635Z"}[39m
[31m{"code":"42P01","file":"parse_relation.c","length":135,"level":"error","line":"1452","name":"error","position":"13","routine":"parserOpenTable","severity":"ОШИБКА","timestamp":"2024-11-19T05:30:23.226Z"}[39m
[32m{"level":"info","message":"server running on port: 3000","timestamp":"2024-11-19T05:30:33.815Z"}[39m
[32m{"level":"info","message":[{"now":"2024-11-19T05:30:33.920Z"}],"timestamp":"2024-11-19T05:30:33.923Z"}[39m
[31m{"code":"42P01","file":"parse_relation.c","length":135,"level":"error","line":"1452","name":"error","position":"13","routine":"parserOpenTable","severity":"ОШИБКА","timestamp":"2024-11-19T05:30:34.669Z"}[39m
[32m{"level":"info","message":"server running on port: 3000","timestamp":"2024-11-19T05:30:42.189Z"}[39m
[32m{"level":"info","message":[{"now":"2024-11-19T05:30:42.297Z"}],"timestamp":"2024-11-19T05:30:42.301Z"}[39m
[31m{"code":"42P01","file":"parse_relation.c","length":135,"level":"error","line":"1452","name":"error","position":"13","routine":"parserOpenTable","severity":"ОШИБКА","timestamp":"2024-11-19T05:31:18.054Z"}[39m
[32m{"level":"info","message":"server running on port: 3000","timestamp":"2024-11-19T05:31:30.133Z"}[39m
[32m{"level":"info","message":[{"now":"2024-11-19T05:31:30.245Z"}],"timestamp":"2024-11-19T05:31:30.247Z"}[39m
[31m{"code":"42P01","file":"parse_relation.c","length":135,"level":"error","line":"1452","name":"error","position":"13","routine":"parserOpenTable","severity":"ОШИБКА","timestamp":"2024-11-19T05:31:30.558Z"}[39m
[31m{"code":"42P01","file":"parse_relation.c","length":135,"level":"error","line":"1452","name":"error","position":"13","routine":"parserOpenTable","severity":"ОШИБКА","timestamp":"2024-11-19T05:31:31.852Z"}[39m
[32m{"level":"info","message":"server running on port: 3000","timestamp":"2024-11-19T05:31:37.699Z"}[39m
[32m{"level":"info","message":[{"now":"2024-11-19T05:31:37.914Z"}],"timestamp":"2024-11-19T05:31:37.917Z"}[39m
[32m{"level":"info","message":"server running on port: 3000","timestamp":"2024-11-19T05:31:40.044Z"}[39m
[32m{"level":"info","message":[{"now":"2024-11-19T05:31:40.144Z"}],"timestamp":"2024-11-19T05:31:40.147Z"}[39m
[31m{"code":"23503","constraint":"whishlist_user_id_fkey","detail":"Ключ (user_id)=(1) отсутствует в таблице \"users\".","file":"ri_triggers.c","length":336,"level":"error","line":"2610","name":"error","routine":"ri_ReportViolation","schema":"public","severity":"ОШИБКА","table":"whishlist","timestamp":"2024-11-19T05:31:41.706Z"}[39m
[32m{"level":"info","message":"server running on port: 3000","timestamp":"2024-11-19T05:31:49.911Z"}[39m
[32m{"level":"info","message":[{"now":"2024-11-19T05:31:50.031Z"}],"timestamp":"2024-11-19T05:31:50.035Z"}[39m
